# Logfile created on 2025-02-01 07:30:07 +0100 by logger.rb/v1.6.5
I, [2025-02-01T07:30:08.023135 #18468]  INFO -- : Starting scraping process
D, [2025-02-01T07:30:08.023675 #18468] DEBUG -- : Fetching URL: https://auto.bazos.cz/?hledat=auto&hlokalita=&humkreis=25&cenaod=50000&cenado=100000&order=
I, [2025-02-01T07:30:08.532030 #18468]  INFO -- : Processed 0 cars at offset 0
D, [2025-02-01T07:30:09.532581 #18468] DEBUG -- : Fetching URL: https://auto.bazos.cz/20/?hledat=auto&hlokalita=&humkreis=25&cenaod=50000&cenado=100000&order=
I, [2025-02-01T07:30:10.028488 #18468]  INFO -- : Processed 0 cars at offset 20
D, [2025-02-01T07:30:11.029001 #18468] DEBUG -- : Fetching URL: https://auto.bazos.cz/40/?hledat=auto&hlokalita=&humkreis=25&cenaod=50000&cenado=100000&order=
I, [2025-02-01T07:30:11.322591 #18468]  INFO -- : Processed 0 cars at offset 40
D, [2025-02-01T07:30:12.323102 #18468] DEBUG -- : Fetching URL: https://auto.bazos.cz/60/?hledat=auto&hlokalita=&humkreis=25&cenaod=50000&cenado=100000&order=
I, [2025-02-01T07:30:12.618279 #18468]  INFO -- : Processed 0 cars at offset 60
D, [2025-02-01T07:30:13.618745 #18468] DEBUG -- : Fetching URL: https://auto.bazos.cz/80/?hledat=auto&hlokalita=&humkreis=25&cenaod=50000&cenado=100000&order=
I, [2025-02-01T07:30:13.943109 #18468]  INFO -- : Processed 0 cars at offset 80
D, [2025-02-01T07:30:14.943668 #18468] DEBUG -- : Fetching URL: https://auto.bazos.cz/100/?hledat=auto&hlokalita=&humkreis=25&cenaod=50000&cenado=100000&order=
I, [2025-02-01T07:30:15.271345 #18468]  INFO -- : Processed 0 cars at offset 100
D, [2025-02-01T07:30:16.271714 #18468] DEBUG -- : Fetching URL: https://auto.bazos.cz/120/?hledat=auto&hlokalita=&humkreis=25&cenaod=50000&cenado=100000&order=
I, [2025-02-01T07:30:16.817937 #18468]  INFO -- : Processed 0 cars at offset 120
D, [2025-02-01T07:30:17.818474 #18468] DEBUG -- : Fetching URL: https://auto.bazos.cz/140/?hledat=auto&hlokalita=&humkreis=25&cenaod=50000&cenado=100000&order=
I, [2025-02-01T07:30:18.307812 #18468]  INFO -- : Processed 0 cars at offset 140
D, [2025-02-01T07:30:19.308082 #18468] DEBUG -- : Fetching URL: https://auto.bazos.cz/160/?hledat=auto&hlokalita=&humkreis=25&cenaod=50000&cenado=100000&order=
I, [2025-02-01T07:30:19.638862 #18468]  INFO -- : Processed 0 cars at offset 160
D, [2025-02-01T07:30:20.639453 #18468] DEBUG -- : Fetching URL: https://auto.bazos.cz/180/?hledat=auto&hlokalita=&humkreis=25&cenaod=50000&cenado=100000&order=
I, [2025-02-01T07:30:21.112239 #18468]  INFO -- : Processed 0 cars at offset 180
D, [2025-02-01T07:30:22.112508 #18468] DEBUG -- : Fetching URL: https://auto.bazos.cz/200/?hledat=auto&hlokalita=&humkreis=25&cenaod=50000&cenado=100000&order=
I, [2025-02-01T07:30:22.442782 #18468]  INFO -- : Processed 0 cars at offset 200
D, [2025-02-01T07:30:23.443333 #18468] DEBUG -- : Fetching URL: https://auto.bazos.cz/220/?hledat=auto&hlokalita=&humkreis=25&cenaod=50000&cenado=100000&order=
I, [2025-02-01T07:30:23.768561 #18468]  INFO -- : Processed 0 cars at offset 220
D, [2025-02-01T07:30:24.768909 #18468] DEBUG -- : Fetching URL: https://auto.bazos.cz/240/?hledat=auto&hlokalita=&humkreis=25&cenaod=50000&cenado=100000&order=
I, [2025-02-01T07:30:25.310959 #18468]  INFO -- : Processed 0 cars at offset 240
D, [2025-02-01T07:30:26.311538 #18468] DEBUG -- : Fetching URL: https://auto.bazos.cz/260/?hledat=auto&hlokalita=&humkreis=25&cenaod=50000&cenado=100000&order=
I, [2025-02-01T07:30:26.641865 #18468]  INFO -- : Processed 0 cars at offset 260
D, [2025-02-01T07:30:27.642434 #18468] DEBUG -- : Fetching URL: https://auto.bazos.cz/280/?hledat=auto&hlokalita=&humkreis=25&cenaod=50000&cenado=100000&order=
I, [2025-02-01T07:30:27.973530 #18468]  INFO -- : Processed 0 cars at offset 280
D, [2025-02-01T07:30:28.973841 #18468] DEBUG -- : Fetching URL: https://auto.bazos.cz/300/?hledat=auto&hlokalita=&humkreis=25&cenaod=50000&cenado=100000&order=
I, [2025-02-01T07:30:29.504909 #18468]  INFO -- : Processed 0 cars at offset 300
D, [2025-02-01T07:30:30.505164 #18468] DEBUG -- : Fetching URL: https://auto.bazos.cz/320/?hledat=auto&hlokalita=&humkreis=25&cenaod=50000&cenado=100000&order=
I, [2025-02-01T07:30:30.809713 #18468]  INFO -- : Processed 0 cars at offset 320
D, [2025-02-01T07:30:31.812770 #18468] DEBUG -- : Fetching URL: https://auto.bazos.cz/340/?hledat=auto&hlokalita=&humkreis=25&cenaod=50000&cenado=100000&order=
I, [2025-02-01T07:30:32.350974 #18468]  INFO -- : Processed 0 cars at offset 340
D, [2025-02-01T07:30:33.351186 #18468] DEBUG -- : Fetching URL: https://auto.bazos.cz/360/?hledat=auto&hlokalita=&humkreis=25&cenaod=50000&cenado=100000&order=
I, [2025-02-01T07:30:33.843846 #18468]  INFO -- : Processed 0 cars at offset 360
D, [2025-02-01T07:30:34.844105 #18468] DEBUG -- : Fetching URL: https://auto.bazos.cz/380/?hledat=auto&hlokalita=&humkreis=25&cenaod=50000&cenado=100000&order=
I, [2025-02-01T07:30:35.385010 #18468]  INFO -- : Processed 0 cars at offset 380
D, [2025-02-01T07:30:36.385263 #18468] DEBUG -- : Fetching URL: https://auto.bazos.cz/400/?hledat=auto&hlokalita=&humkreis=25&cenaod=50000&cenado=100000&order=
I, [2025-02-01T07:30:36.650319 #18468]  INFO -- : Processed 0 cars at offset 400
D, [2025-02-01T07:30:37.650571 #18468] DEBUG -- : Fetching URL: https://auto.bazos.cz/420/?hledat=auto&hlokalita=&humkreis=25&cenaod=50000&cenado=100000&order=
I, [2025-02-01T07:30:38.127382 #18468]  INFO -- : Processed 0 cars at offset 420
D, [2025-02-01T07:30:39.127884 #18468] DEBUG -- : Fetching URL: https://auto.bazos.cz/440/?hledat=auto&hlokalita=&humkreis=25&cenaod=50000&cenado=100000&order=
I, [2025-02-01T07:30:39.457137 #18468]  INFO -- : Processed 0 cars at offset 440
D, [2025-02-01T07:30:40.457404 #18468] DEBUG -- : Fetching URL: https://auto.bazos.cz/460/?hledat=auto&hlokalita=&humkreis=25&cenaod=50000&cenado=100000&order=
I, [2025-02-01T07:30:40.750537 #18468]  INFO -- : Processed 0 cars at offset 460
D, [2025-02-01T07:30:41.750805 #18468] DEBUG -- : Fetching URL: https://auto.bazos.cz/480/?hledat=auto&hlokalita=&humkreis=25&cenaod=50000&cenado=100000&order=
I, [2025-02-01T07:30:42.038853 #18468]  INFO -- : Processed 0 cars at offset 480
D, [2025-02-01T07:30:43.039101 #18468] DEBUG -- : Fetching URL: https://auto.bazos.cz/500/?hledat=auto&hlokalita=&humkreis=25&cenaod=50000&cenado=100000&order=
I, [2025-02-01T07:30:43.294707 #18468]  INFO -- : Processed 0 cars at offset 500
D, [2025-02-01T07:30:44.294923 #18468] DEBUG -- : Fetching URL: https://auto.bazos.cz/520/?hledat=auto&hlokalita=&humkreis=25&cenaod=50000&cenado=100000&order=
I, [2025-02-01T07:30:44.591339 #18468]  INFO -- : Processed 0 cars at offset 520
D, [2025-02-01T07:30:45.591839 #18468] DEBUG -- : Fetching URL: https://auto.bazos.cz/540/?hledat=auto&hlokalita=&humkreis=25&cenaod=50000&cenado=100000&order=
I, [2025-02-01T07:30:45.890405 #18468]  INFO -- : Processed 0 cars at offset 540
D, [2025-02-01T07:30:46.890620 #18468] DEBUG -- : Fetching URL: https://auto.bazos.cz/560/?hledat=auto&hlokalita=&humkreis=25&cenaod=50000&cenado=100000&order=
I, [2025-02-01T07:30:47.148004 #18468]  INFO -- : Processed 0 cars at offset 560
D, [2025-02-01T07:30:48.148252 #18468] DEBUG -- : Fetching URL: https://auto.bazos.cz/580/?hledat=auto&hlokalita=&humkreis=25&cenaod=50000&cenado=100000&order=
I, [2025-02-01T07:30:48.405316 #18468]  INFO -- : Processed 0 cars at offset 580
D, [2025-02-01T07:30:49.405534 #18468] DEBUG -- : Fetching URL: https://auto.bazos.cz/600/?hledat=auto&hlokalita=&humkreis=25&cenaod=50000&cenado=100000&order=
I, [2025-02-01T07:30:49.935614 #18468]  INFO -- : Processed 0 cars at offset 600
D, [2025-02-01T07:30:50.935856 #18468] DEBUG -- : Fetching URL: https://auto.bazos.cz/620/?hledat=auto&hlokalita=&humkreis=25&cenaod=50000&cenado=100000&order=
I, [2025-02-01T07:30:51.227528 #18468]  INFO -- : Processed 0 cars at offset 620
D, [2025-02-01T07:30:52.227768 #18468] DEBUG -- : Fetching URL: https://auto.bazos.cz/640/?hledat=auto&hlokalita=&humkreis=25&cenaod=50000&cenado=100000&order=
I, [2025-02-01T07:30:52.519030 #18468]  INFO -- : Processed 0 cars at offset 640
D, [2025-02-01T07:30:53.519268 #18468] DEBUG -- : Fetching URL: https://auto.bazos.cz/660/?hledat=auto&hlokalita=&humkreis=25&cenaod=50000&cenado=100000&order=
I, [2025-02-01T07:30:53.811195 #18468]  INFO -- : Processed 0 cars at offset 660
D, [2025-02-01T07:30:54.811468 #18468] DEBUG -- : Fetching URL: https://auto.bazos.cz/680/?hledat=auto&hlokalita=&humkreis=25&cenaod=50000&cenado=100000&order=
I, [2025-02-01T07:30:55.096584 #18468]  INFO -- : Processed 0 cars at offset 680
D, [2025-02-01T07:30:56.096813 #18468] DEBUG -- : Fetching URL: https://auto.bazos.cz/700/?hledat=auto&hlokalita=&humkreis=25&cenaod=50000&cenado=100000&order=
I, [2025-02-01T07:30:56.388649 #18468]  INFO -- : Processed 0 cars at offset 700
D, [2025-02-01T07:30:57.388900 #18468] DEBUG -- : Fetching URL: https://auto.bazos.cz/720/?hledat=auto&hlokalita=&humkreis=25&cenaod=50000&cenado=100000&order=
I, [2025-02-01T07:30:57.940397 #18468]  INFO -- : Processed 0 cars at offset 720
D, [2025-02-01T07:30:58.940631 #18468] DEBUG -- : Fetching URL: https://auto.bazos.cz/740/?hledat=auto&hlokalita=&humkreis=25&cenaod=50000&cenado=100000&order=
I, [2025-02-01T07:30:59.446364 #18468]  INFO -- : Processed 0 cars at offset 740
D, [2025-02-01T07:31:00.446698 #18468] DEBUG -- : Fetching URL: https://auto.bazos.cz/760/?hledat=auto&hlokalita=&humkreis=25&cenaod=50000&cenado=100000&order=
I, [2025-02-01T07:31:00.968736 #18468]  INFO -- : Processed 0 cars at offset 760
D, [2025-02-01T07:31:01.969402 #18468] DEBUG -- : Fetching URL: https://auto.bazos.cz/780/?hledat=auto&hlokalita=&humkreis=25&cenaod=50000&cenado=100000&order=
I, [2025-02-01T07:31:02.469534 #18468]  INFO -- : Processed 0 cars at offset 780
D, [2025-02-01T07:31:03.471046 #18468] DEBUG -- : Fetching URL: https://auto.bazos.cz/800/?hledat=auto&hlokalita=&humkreis=25&cenaod=50000&cenado=100000&order=
I, [2025-02-01T07:31:03.773669 #18468]  INFO -- : Processed 0 cars at offset 800
D, [2025-02-01T07:31:04.776447 #18468] DEBUG -- : Fetching URL: https://auto.bazos.cz/820/?hledat=auto&hlokalita=&humkreis=25&cenaod=50000&cenado=100000&order=
I, [2025-02-01T07:31:05.140114 #18468]  INFO -- : Processed 0 cars at offset 820
D, [2025-02-01T07:31:06.144605 #18468] DEBUG -- : Fetching URL: https://auto.bazos.cz/840/?hledat=auto&hlokalita=&humkreis=25&cenaod=50000&cenado=100000&order=
I, [2025-02-01T07:31:06.445853 #18468]  INFO -- : Processed 0 cars at offset 840
D, [2025-02-01T07:31:07.446147 #18468] DEBUG -- : Fetching URL: https://auto.bazos.cz/860/?hledat=auto&hlokalita=&humkreis=25&cenaod=50000&cenado=100000&order=
I, [2025-02-01T07:31:07.754052 #18468]  INFO -- : Processed 0 cars at offset 860
D, [2025-02-01T07:31:08.754594 #18468] DEBUG -- : Fetching URL: https://auto.bazos.cz/880/?hledat=auto&hlokalita=&humkreis=25&cenaod=50000&cenado=100000&order=
I, [2025-02-01T07:31:09.075151 #18468]  INFO -- : Processed 0 cars at offset 880
D, [2025-02-01T07:31:10.075715 #18468] DEBUG -- : Fetching URL: https://auto.bazos.cz/900/?hledat=auto&hlokalita=&humkreis=25&cenaod=50000&cenado=100000&order=
I, [2025-02-01T07:31:10.602744 #18468]  INFO -- : Processed 0 cars at offset 900
D, [2025-02-01T07:31:11.603289 #18468] DEBUG -- : Fetching URL: https://auto.bazos.cz/920/?hledat=auto&hlokalita=&humkreis=25&cenaod=50000&cenado=100000&order=
I, [2025-02-01T07:31:11.894413 #18468]  INFO -- : Processed 0 cars at offset 920
D, [2025-02-01T07:31:12.894906 #18468] DEBUG -- : Fetching URL: https://auto.bazos.cz/940/?hledat=auto&hlokalita=&humkreis=25&cenaod=50000&cenado=100000&order=
I, [2025-02-01T07:31:13.230838 #18468]  INFO -- : Processed 0 cars at offset 940
D, [2025-02-01T07:31:14.231322 #18468] DEBUG -- : Fetching URL: https://auto.bazos.cz/960/?hledat=auto&hlokalita=&humkreis=25&cenaod=50000&cenado=100000&order=
I, [2025-02-01T07:31:14.761098 #18468]  INFO -- : Processed 0 cars at offset 960
D, [2025-02-01T07:31:15.761386 #18468] DEBUG -- : Fetching URL: https://auto.bazos.cz/980/?hledat=auto&hlokalita=&humkreis=25&cenaod=50000&cenado=100000&order=
I, [2025-02-01T07:31:16.062132 #18468]  INFO -- : Processed 0 cars at offset 980
D, [2025-02-01T07:31:17.062649 #18468] DEBUG -- : Fetching URL: https://auto.bazos.cz/1000/?hledat=auto&hlokalita=&humkreis=25&cenaod=50000&cenado=100000&order=
I, [2025-02-01T07:31:17.562170 #18468]  INFO -- : Processed 0 cars at offset 1000
D, [2025-02-01T07:31:18.562734 #18468] DEBUG -- : Fetching URL: https://auto.bazos.cz/1020/?hledat=auto&hlokalita=&humkreis=25&cenaod=50000&cenado=100000&order=
I, [2025-02-01T07:31:19.102357 #18468]  INFO -- : Processed 0 cars at offset 1020
D, [2025-02-01T07:31:20.102847 #18468] DEBUG -- : Fetching URL: https://auto.bazos.cz/1040/?hledat=auto&hlokalita=&humkreis=25&cenaod=50000&cenado=100000&order=
I, [2025-02-01T07:31:20.600377 #18468]  INFO -- : Processed 0 cars at offset 1040
D, [2025-02-01T07:31:21.600797 #18468] DEBUG -- : Fetching URL: https://auto.bazos.cz/1060/?hledat=auto&hlokalita=&humkreis=25&cenaod=50000&cenado=100000&order=
